<?xml version="1.0" encoding="UTF-8"?>
<!-- Generated by org.testng.reporters.JUnitXMLReporter -->
<testsuite ignored="0" hostname="RKK" failures="2" tests="2" name="Test" time="12.013" errors="0" timestamp="2023-01-28T11:07:12 IST">
  <testcase classname="com.nopCommerceTestClasses.IndexPageTest" name="verifyIndexPageTitle" time="0.054">
    <failure type="java.lang.AssertionError" message="expected [nopCommerce demo storeubk] but found [nopCommerce demo store]">
      <![CDATA[java.lang.AssertionError: expected [nopCommerce demo storeubk] but found [nopCommerce demo store]
at com.nopCommerceTestClasses.IndexPageTest.verifyIndexPageTitle(IndexPageTest.java:28)
at java.base/java.util.ArrayList.forEach(ArrayList.java:1540)
... Removed 33 stack frames]]>
    </failure>
  </testcase> <!-- verifyIndexPageTitle -->
  <testcase classname="com.nopCommerceTestClasses.IndexPageTest" name="verifyIndexPageTitle" time="11.835">
    <failure type="java.lang.NullPointerException">
      <![CDATA[java.lang.NullPointerException
at com.nopCommerceUtility.Utility_ScreenShot.ScreenShots(Utility_ScreenShot.java:30)
at com.nopCommerceUtility.ITestListenerClass.onTestFailure(ITestListenerClass.java:42)
at java.base/java.util.ArrayList.forEach(ArrayList.java:1540)
... Removed 24 stack frames]]>
    </failure>
  </testcase> <!-- verifyIndexPageTitle -->
</testsuite> <!-- Test -->
