<?xml version="1.0" encoding="UTF-8"?>
<testng-results ignored="0" total="3" passed="3" failed="0" skipped="0">
  <reporter-output>
  </reporter-output>
  <suite started-at="2023-01-28T10:56:28 IST" name="nopCommerceSuite" finished-at="2023-01-28T10:58:40 IST" duration-ms="132580">
    <groups>
      <group name="Sanity">
        <method signature="IndexPageTest.verifyFollowLinksClickable()[pri:0, instance:com.nopCommerceTestClasses.IndexPageTest@74d7184a]" name="verifyFollowLinksClickable" class="com.nopCommerceTestClasses.IndexPageTest"/>
        <method signature="IndexPageTest.verifyIndexPageLogo()[pri:0, instance:com.nopCommerceTestClasses.IndexPageTest@74d7184a]" name="verifyIndexPageLogo" class="com.nopCommerceTestClasses.IndexPageTest"/>
        <method signature="IndexPageTest.verifyIndexPageTitle()[pri:0, instance:com.nopCommerceTestClasses.IndexPageTest@74d7184a]" name="verifyIndexPageTitle" class="com.nopCommerceTestClasses.IndexPageTest"/>
      </group> <!-- Sanity -->
      <group name="Smoke">
        <method signature="IndexPageTest.verifyFollowLinksClickable()[pri:0, instance:com.nopCommerceTestClasses.IndexPageTest@74d7184a]" name="verifyFollowLinksClickable" class="com.nopCommerceTestClasses.IndexPageTest"/>
        <method signature="IndexPageTest.verifyIndexPageLogo()[pri:0, instance:com.nopCommerceTestClasses.IndexPageTest@74d7184a]" name="verifyIndexPageLogo" class="com.nopCommerceTestClasses.IndexPageTest"/>
        <method signature="IndexPageTest.verifyIndexPageTitle()[pri:0, instance:com.nopCommerceTestClasses.IndexPageTest@74d7184a]" name="verifyIndexPageTitle" class="com.nopCommerceTestClasses.IndexPageTest"/>
      </group> <!-- Smoke -->
    </groups>
    <test started-at="2023-01-28T10:56:28 IST" name="Test" finished-at="2023-01-28T10:58:40 IST" duration-ms="132580">
      <class name="com.nopCommerceTestClasses.IndexPageTest">
        <test-method is-config="true" signature="setUp()[pri:0, instance:com.nopCommerceTestClasses.IndexPageTest@74d7184a]" started-at="2023-01-28T10:56:28 IST" name="setUp" finished-at="2023-01-28T10:57:05 IST" duration-ms="37348" status="PASS">
          <reporter-output>
          </reporter-output>
        </test-method> <!-- setUp -->
        <test-method is-config="true" signature="set()[pri:0, instance:com.nopCommerceTestClasses.IndexPageTest@74d7184a]" started-at="2023-01-28T10:57:05 IST" name="set" finished-at="2023-01-28T10:57:05 IST" duration-ms="18" status="PASS">
          <reporter-output>
          </reporter-output>
        </test-method> <!-- set -->
        <test-method signature="verifyFollowLinksClickable()[pri:0, instance:com.nopCommerceTestClasses.IndexPageTest@74d7184a]" started-at="2023-01-28T10:57:05 IST" name="verifyFollowLinksClickable" finished-at="2023-01-28T10:58:11 IST" duration-ms="66111" status="PASS">
          <reporter-output>
          </reporter-output>
        </test-method> <!-- verifyFollowLinksClickable -->
        <test-method is-config="true" signature="tearDown()[pri:0, instance:com.nopCommerceTestClasses.IndexPageTest@74d7184a]" started-at="2023-01-28T10:58:11 IST" name="tearDown" finished-at="2023-01-28T10:58:13 IST" duration-ms="1411" status="PASS">
          <reporter-output>
          </reporter-output>
        </test-method> <!-- tearDown -->
        <test-method is-config="true" signature="setUp()[pri:0, instance:com.nopCommerceTestClasses.IndexPageTest@74d7184a]" started-at="2023-01-28T10:58:13 IST" name="setUp" finished-at="2023-01-28T10:58:24 IST" duration-ms="10853" status="PASS">
          <reporter-output>
          </reporter-output>
        </test-method> <!-- setUp -->
        <test-method is-config="true" signature="set()[pri:0, instance:com.nopCommerceTestClasses.IndexPageTest@74d7184a]" started-at="2023-01-28T10:58:24 IST" name="set" finished-at="2023-01-28T10:58:24 IST" duration-ms="2" status="PASS">
          <reporter-output>
          </reporter-output>
        </test-method> <!-- set -->
        <test-method signature="verifyIndexPageLogo()[pri:0, instance:com.nopCommerceTestClasses.IndexPageTest@74d7184a]" started-at="2023-01-28T10:58:24 IST" name="verifyIndexPageLogo" finished-at="2023-01-28T10:58:24 IST" duration-ms="169" status="PASS">
          <reporter-output>
          </reporter-output>
        </test-method> <!-- verifyIndexPageLogo -->
        <test-method is-config="true" signature="tearDown()[pri:0, instance:com.nopCommerceTestClasses.IndexPageTest@74d7184a]" started-at="2023-01-28T10:58:24 IST" name="tearDown" finished-at="2023-01-28T10:58:25 IST" duration-ms="758" status="PASS">
          <reporter-output>
          </reporter-output>
        </test-method> <!-- tearDown -->
        <test-method is-config="true" signature="setUp()[pri:0, instance:com.nopCommerceTestClasses.IndexPageTest@74d7184a]" started-at="2023-01-28T10:58:25 IST" name="setUp" finished-at="2023-01-28T10:58:40 IST" duration-ms="14923" status="PASS">
          <reporter-output>
          </reporter-output>
        </test-method> <!-- setUp -->
        <test-method is-config="true" signature="set()[pri:0, instance:com.nopCommerceTestClasses.IndexPageTest@74d7184a]" started-at="2023-01-28T10:58:40 IST" name="set" finished-at="2023-01-28T10:58:40 IST" duration-ms="5" status="PASS">
          <reporter-output>
          </reporter-output>
        </test-method> <!-- set -->
        <test-method signature="verifyIndexPageTitle()[pri:0, instance:com.nopCommerceTestClasses.IndexPageTest@74d7184a]" started-at="2023-01-28T10:58:40 IST" name="verifyIndexPageTitle" finished-at="2023-01-28T10:58:40 IST" duration-ms="34" status="PASS">
          <reporter-output>
          </reporter-output>
        </test-method> <!-- verifyIndexPageTitle -->
        <test-method is-config="true" signature="tearDown()[pri:0, instance:com.nopCommerceTestClasses.IndexPageTest@74d7184a]" started-at="2023-01-28T10:58:40 IST" name="tearDown" finished-at="2023-01-28T10:58:40 IST" duration-ms="785" status="PASS">
          <reporter-output>
          </reporter-output>
        </test-method> <!-- tearDown -->
      </class> <!-- com.nopCommerceTestClasses.IndexPageTest -->
    </test> <!-- Test -->
  </suite> <!-- nopCommerceSuite -->
</testng-results>
